Tue, 17 Jan 2023 21:28:00 functions.py INFO Read Excel Files to get test data.
Tue, 17 Jan 2023 21:28:00 functions.py INFO Begin to log in system.
Tue, 17 Jan 2023 21:28:37 functions.py INFO Read Excel Files to get test data.
Tue, 17 Jan 2023 21:28:37 functions.py INFO Begin to log in system.
Tue, 17 Jan 2023 21:28:45 functions.py INFO Log in system done.
Tue, 17 Jan 2023 21:28:45 functions.py INFO Begin to add position in system.
Tue, 17 Jan 2023 21:28:49 functions.py INFO Read Excel Files to get test data.
Tue, 17 Jan 2023 21:28:49 functions.py INFO Begin to log in system.
Tue, 17 Jan 2023 21:28:58 functions.py INFO Log in system done.
Tue, 17 Jan 2023 21:28:58 functions.py INFO Begin to add position in system.
Tue, 17 Jan 2023 21:29:08 functions.py INFO Read Excel Files to get test data.
Tue, 17 Jan 2023 21:29:08 functions.py INFO Begin to log in system.
Tue, 17 Jan 2023 21:29:16 functions.py INFO Log in system done.
Tue, 17 Jan 2023 21:29:16 functions.py INFO Begin to add position in system.
Tue, 17 Jan 2023 21:30:14 functions.py INFO Read Excel Files to get test data.
Tue, 17 Jan 2023 21:30:14 functions.py INFO Begin to log in system.
Tue, 17 Jan 2023 21:30:22 functions.py INFO Log in system done.
Tue, 17 Jan 2023 21:30:22 functions.py INFO Begin to add position in system.
Tue, 17 Jan 2023 21:31:11 functions.py INFO Read Excel Files to get test data.
Tue, 17 Jan 2023 21:31:11 functions.py INFO Begin to log in system.
Tue, 17 Jan 2023 21:31:19 functions.py INFO Log in system done.
Tue, 17 Jan 2023 21:31:19 functions.py INFO Begin to add position in system.
Tue, 17 Jan 2023 21:31:54 functions.py INFO Add position done.
