Fri, 04 Mar 2022 15:00:48 functions.py INFO This is a log here.
Fri, 04 Mar 2022 15:02:37 functions.py INFO This is a log here.
Fri, 04 Mar 2022 22:38:29 functions.py INFO fetch position test data from Excel file
Fri, 04 Mar 2022 22:39:50 functions.py INFO fetch position test data from Excel file
Fri, 04 Mar 2022 22:41:16 functions.py INFO fetch position test data from Excel file
Fri, 04 Mar 2022 22:41:16 functions.py INFO Begin to add position in system.
Fri, 04 Mar 2022 22:41:51 functions.py INFO Add position done.
Sat, 05 Mar 2022 21:02:40 functions.py INFO Read Excel Files to get test data.
Sat, 05 Mar 2022 21:02:40 functions.py INFO Begin to log in system.
Sat, 05 Mar 2022 21:02:52 functions.py INFO Log in system done.
Sat, 05 Mar 2022 21:02:52 functions.py INFO Begin to add position in system.
Sat, 05 Mar 2022 21:05:57 functions.py INFO Read Excel Files to get test data.
Sat, 05 Mar 2022 21:05:57 functions.py INFO Begin to log in system.
Sat, 05 Mar 2022 21:06:08 functions.py INFO Log in system done.
Sat, 05 Mar 2022 21:06:08 functions.py INFO Begin to add position in system.
Sat, 05 Mar 2022 21:06:43 functions.py INFO Add position done.
Fri, 11 Mar 2022 17:29:38 functions.py INFO Read Excel Files to get test data.
Fri, 11 Mar 2022 17:29:38 functions.py INFO Begin to log in system.
Fri, 11 Mar 2022 17:29:50 functions.py INFO Log in system done.
Fri, 11 Mar 2022 17:29:50 functions.py INFO Begin to add position in system.
Fri, 11 Mar 2022 17:30:24 functions.py INFO Add position done.
Tue, 17 Jan 2023 21:20:41 functions.py INFO Read Excel Files to get test data.
Tue, 17 Jan 2023 21:20:41 functions.py INFO Begin to log in system.
Tue, 17 Jan 2023 21:20:51 functions.py INFO Log in system done.
Tue, 17 Jan 2023 21:20:51 functions.py INFO Begin to add position in system.
Tue, 17 Jan 2023 21:21:26 functions.py INFO Add position done.
Tue, 17 Jan 2023 21:22:34 functions.py INFO Read Excel Files to get test data.
Tue, 17 Jan 2023 21:22:34 functions.py INFO Begin to log in system.
Tue, 17 Jan 2023 21:22:42 functions.py INFO Log in system done.
Tue, 17 Jan 2023 21:22:42 functions.py INFO Begin to add position in system.
Tue, 17 Jan 2023 21:23:17 functions.py INFO Add position done.
Tue, 17 Jan 2023 21:26:29 functions.py INFO This is a log here.
Tue, 17 Jan 2023 21:26:48 functions.py INFO This is a log here.
