[2022-03-08 00:14:11,137] base_update.py->findele line:13 [INFO]通过name定位,元素是username
[2022-03-08 00:14:11,153] base_update.py->findele line:17 [ERROR]定位元素失败！
[2022-03-08 00:20:28,767] base_update.py->findele line:13 [INFO]通过name定位,元素是username
[2022-03-08 00:20:28,781] base_update.py->findele line:17 [ERROR]定位元素失败！
[2022-03-08 00:20:47,301] base_update.py->findele line:13 [INFO]通过name定位,元素是username
[2022-03-08 00:20:47,314] base_update.py->findele line:17 [ERROR]定位元素失败！
[2022-03-08 00:21:24,957] base_update.py->findele line:13 [INFO]通过name定位,元素是username
[2022-03-08 00:21:24,969] base_update.py->findele line:17 [ERROR]定位元素失败！
[2022-03-08 00:21:45,828] base_update.py->findele line:13 [INFO]通过name定位,元素是username
[2022-03-08 00:21:45,840] base_update.py->findele line:17 [ERROR]定位元素失败！
[2022-03-08 00:22:38,599] base_update.py->findele line:13 [INFO]通过name定位,元素是username
[2022-03-08 00:22:40,827] base_update.py->findele line:13 [INFO]通过name定位,元素是password
[2022-03-08 00:40:09,650] base_update.py->findele line:13 [INFO]通过xpath定位,元素是//*[@id="signupForm"]/div[1]/div[2]/a/img
[2022-03-08 00:40:09,761] base_update.py->findele line:13 [INFO]通过name定位,元素是username
[2022-03-08 00:40:09,800] base_update.py->findele line:13 [INFO]通过name定位,元素是username
[2022-03-08 00:40:11,912] base_update.py->findele line:13 [INFO]通过name定位,元素是password
[2022-03-08 00:40:11,972] base_update.py->findele line:13 [INFO]通过name定位,元素是password
[2022-03-08 00:40:18,004] base_update.py->findele line:13 [INFO]通过name定位,元素是validateCode
[2022-03-08 00:40:20,090] base_update.py->findele line:13 [INFO]通过id定位,元素是btnSubmit
[2022-03-08 00:43:35,554] base_update.py->findele line:13 [INFO]通过xpath定位,元素是//*[@id="signupForm"]/div[1]/div[2]/a/img
[2022-03-08 00:43:35,685] base_update.py->findele line:13 [INFO]通过name定位,元素是username
[2022-03-08 00:43:35,724] base_update.py->findele line:13 [INFO]通过name定位,元素是username
[2022-03-08 00:43:37,849] base_update.py->findele line:13 [INFO]通过name定位,元素是password
[2022-03-08 00:43:37,911] base_update.py->findele line:13 [INFO]通过name定位,元素是password
[2022-03-08 00:43:45,151] base_update.py->findele line:13 [INFO]通过name定位,元素是validateCode
[2022-03-08 00:43:47,239] base_update.py->findele line:13 [INFO]通过id定位,元素是btnSubmit
